{
  "C:\\Users\\pc\\Documents\\Escola\\RNCP OpenClassRooms\\Project_4\\StudioYoga\\studioyoga\\front\\src\\polyfills.ts": {
    "path": "C:\\Users\\pc\\Documents\\Escola\\RNCP OpenClassRooms\\Project_4\\StudioYoga\\studioyoga\\front\\src\\polyfills.ts",
    "statementMap": {},
    "fnMap": {},
    "branchMap": {},
    "s": {},
    "f": {},
    "b": {},
    "inputSourceMap": {
      "version": 3,
      "names": [],
      "sources": [
        "C:\\Users\\pc\\Documents\\Escola\\RNCP OpenClassRooms\\Project_4\\StudioYoga\\studioyoga\\front\\src\\polyfills.ts"
      ],
      "sourcesContent": [
        "/**\n * This file includes polyfills needed by Angular and is loaded before the app.\n * You can add your own extra polyfills to this file.\n *\n * This file is divided into 2 sections:\n *   1. Browser polyfills. These are applied before loading ZoneJS and are sorted by browsers.\n *   2. Application imports. Files imported after ZoneJS that should be loaded before your main\n *      file.\n *\n * The current setup is for so-called \"evergreen\" browsers; the last versions of browsers that\n * automatically update themselves. This includes recent versions of Safari, Chrome (including\n * Opera), Edge on the desktop, and iOS and Chrome on mobile.\n *\n * Learn more in https://angular.io/guide/browser-support\n */\n\n/***************************************************************************************************\n * BROWSER POLYFILLS\n */\n\n/**\n * By default, zone.js will patch all possible macroTask and DomEvents\n * user can disable parts of macroTask/DomEvents patch by setting following flags\n * because those flags need to be set before `zone.js` being loaded, and webpack\n * will put import in the top of bundle, so user need to create a separate file\n * in this directory (for example: zone-flags.ts), and put the following flags\n * into that file, and then add the following code before importing zone.js.\n * import './zone-flags';\n *\n * The flags allowed in zone-flags.ts are listed here.\n *\n * The following flags will work for all browsers.\n *\n * (window as any).__Zone_disable_requestAnimationFrame = true; // disable patch requestAnimationFrame\n * (window as any).__Zone_disable_on_property = true; // disable patch onProperty such as onclick\n * (window as any).__zone_symbol__UNPATCHED_EVENTS = ['scroll', 'mousemove']; // disable patch specified eventNames\n *\n *  in IE/Edge developer tools, the addEventListener will also be wrapped by zone.js\n *  with the following flag, it will bypass `zone.js` patch for IE/Edge\n *\n *  (window as any).__Zone_enable_cross_context_check = true;\n *\n */\n\n/***************************************************************************************************\n * Zone JS is required by default for Angular itself.\n */\nimport 'zone.js';  // Included with Angular CLI.\n\n\n/***************************************************************************************************\n * APPLICATION IMPORTS\n */\n"
      ],
      "mappings": "AAAA;;;;;;;;;;;;;;;AAgBA;;;AAIA;;;;;;;;;;;;;;;;;;;;;;;AAwBA;;;AAGA,OAAO,SAAS,CAAC,CAAE;AAGnB",
      "ignoreList": []
    },
    "_coverageSchema": "1a1c01bbd47fc00a2c39e90264f33305004495a9",
    "hash": "fcccb2d4d68b69921dd8d6e27c240d2e60ea0ac0"
  },
  "C:\\Users\\pc\\Documents\\Escola\\RNCP OpenClassRooms\\Project_4\\StudioYoga\\studioyoga\\front\\src\\app\\core\\service\\session.service.ts": {
    "path": "C:\\Users\\pc\\Documents\\Escola\\RNCP OpenClassRooms\\Project_4\\StudioYoga\\studioyoga\\front\\src\\app\\core\\service\\session.service.ts",
    "statementMap": {
      "0": {
        "start": {
          "line": 5,
          "column": 4
        },
        "end": {
          "line": 5,
          "column": 26
        }
      },
      "1": {
        "start": {
          "line": 6,
          "column": 4
        },
        "end": {
          "line": 6,
          "column": 62
        }
      },
      "2": {
        "start": {
          "line": 9,
          "column": 4
        },
        "end": {
          "line": 9,
          "column": 47
        }
      },
      "3": {
        "start": {
          "line": 12,
          "column": 4
        },
        "end": {
          "line": 12,
          "column": 35
        }
      },
      "4": {
        "start": {
          "line": 13,
          "column": 4
        },
        "end": {
          "line": 13,
          "column": 25
        }
      },
      "5": {
        "start": {
          "line": 14,
          "column": 4
        },
        "end": {
          "line": 14,
          "column": 16
        }
      },
      "6": {
        "start": {
          "line": 17,
          "column": 4
        },
        "end": {
          "line": 17,
          "column": 40
        }
      },
      "7": {
        "start": {
          "line": 18,
          "column": 4
        },
        "end": {
          "line": 18,
          "column": 26
        }
      },
      "8": {
        "start": {
          "line": 19,
          "column": 4
        },
        "end": {
          "line": 19,
          "column": 16
        }
      },
      "9": {
        "start": {
          "line": 22,
          "column": 4
        },
        "end": {
          "line": 22,
          "column": 45
        }
      },
      "10": {
        "start": {
          "line": 25,
          "column": 4
        },
        "end": {
          "line": 27,
          "column": 6
        }
      },
      "11": {
        "start": {
          "line": 26,
          "column": 6
        },
        "end": {
          "line": 26,
          "column": 57
        }
      },
      "12": {
        "start": {
          "line": 30,
          "column": 4
        },
        "end": {
          "line": 34,
          "column": 7
        }
      }
    },
    "fnMap": {
      "0": {
        "name": "(anonymous_0)",
        "decl": {
          "start": {
            "line": 4,
            "column": 2
          },
          "end": {
            "line": 4,
            "column": 3
          }
        },
        "loc": {
          "start": {
            "line": 4,
            "column": 16
          },
          "end": {
            "line": 7,
            "column": 3
          }
        },
        "line": 4
      },
      "1": {
        "name": "(anonymous_1)",
        "decl": {
          "start": {
            "line": 8,
            "column": 2
          },
          "end": {
            "line": 8,
            "column": 3
          }
        },
        "loc": {
          "start": {
            "line": 8,
            "column": 14
          },
          "end": {
            "line": 10,
            "column": 3
          }
        },
        "line": 8
      },
      "2": {
        "name": "(anonymous_2)",
        "decl": {
          "start": {
            "line": 11,
            "column": 2
          },
          "end": {
            "line": 11,
            "column": 3
          }
        },
        "loc": {
          "start": {
            "line": 11,
            "column": 14
          },
          "end": {
            "line": 15,
            "column": 3
          }
        },
        "line": 11
      },
      "3": {
        "name": "(anonymous_3)",
        "decl": {
          "start": {
            "line": 16,
            "column": 2
          },
          "end": {
            "line": 16,
            "column": 3
          }
        },
        "loc": {
          "start": {
            "line": 16,
            "column": 11
          },
          "end": {
            "line": 20,
            "column": 3
          }
        },
        "line": 16
      },
      "4": {
        "name": "(anonymous_4)",
        "decl": {
          "start": {
            "line": 21,
            "column": 2
          },
          "end": {
            "line": 21,
            "column": 3
          }
        },
        "loc": {
          "start": {
            "line": 21,
            "column": 9
          },
          "end": {
            "line": 23,
            "column": 3
          }
        },
        "line": 21
      },
      "5": {
        "name": "SessionService_Factory",
        "decl": {
          "start": {
            "line": 25,
            "column": 25
          },
          "end": {
            "line": 25,
            "column": 47
          }
        },
        "loc": {
          "start": {
            "line": 25,
            "column": 67
          },
          "end": {
            "line": 27,
            "column": 5
          }
        },
        "line": 25
      }
    },
    "branchMap": {
      "0": {
        "loc": {
          "start": {
            "line": 26,
            "column": 18
          },
          "end": {
            "line": 26,
            "column": 53
          }
        },
        "type": "binary-expr",
        "locations": [
          {
            "start": {
              "line": 26,
              "column": 18
            },
            "end": {
              "line": 26,
              "column": 35
            }
          },
          {
            "start": {
              "line": 26,
              "column": 39
            },
            "end": {
              "line": 26,
              "column": 53
            }
          }
        ],
        "line": 26
      }
    },
    "s": {
      "0": 242,
      "1": 242,
      "2": 13270,
      "3": 167,
      "4": 167,
      "5": 167,
      "6": 3,
      "7": 3,
      "8": 3,
      "9": 170,
      "10": 242,
      "11": 242,
      "12": 242
    },
    "f": {
      "0": 242,
      "1": 13270,
      "2": 167,
      "3": 3,
      "4": 170,
      "5": 242
    },
    "b": {
      "0": [
        242,
        242
      ]
    },
    "inputSourceMap": {
      "version": 3,
      "names": [
        "BehaviorSubject",
        "SessionService",
        "constructor",
        "isLogged",
        "isLoggedSubject",
        "$isLogged",
        "asObservable",
        "logIn",
        "user",
        "sessionInformation",
        "next",
        "logOut",
        "undefined",
        "factory",
        "ɵfac",
        "providedIn"
      ],
      "sources": [
        "C:\\Users\\pc\\Documents\\Escola\\RNCP OpenClassRooms\\Project_4\\StudioYoga\\studioyoga\\front\\src\\app\\core\\service\\session.service.ts"
      ],
      "sourcesContent": [
        "import { Injectable } from '@angular/core';\nimport { BehaviorSubject, Observable } from 'rxjs';\nimport { SessionInformation } from '../models/sessionInformation.interface';\n\n@Injectable({\n  providedIn: 'root'\n})\nexport class SessionService {\n\n  public isLogged = false;\n  public sessionInformation: SessionInformation | undefined;\n\n  private isLoggedSubject = new BehaviorSubject<boolean>(this.isLogged);\n\n  public $isLogged(): Observable<boolean> {\n    return this.isLoggedSubject.asObservable();\n  }\n\n  public logIn(user: SessionInformation): void {\n    this.sessionInformation = user;\n    this.isLogged = true;\n    this.next();\n  }\n\n  public logOut(): void {\n    this.sessionInformation = undefined;\n    this.isLogged = false;\n    this.next();\n  }\n\n  private next(): void {\n    this.isLoggedSubject.next(this.isLogged);\n  }\n}\n"
      ],
      "mappings": "AACA,SAASA,eAAe,QAAoB,MAAM;;AAMlD,OAAM,MAAOC,cAAc;EAH3BC,YAAA;IAKS,KAAAC,QAAQ,GAAG,KAAK;IAGf,KAAAC,eAAe,GAAG,IAAIJ,eAAe,CAAU,IAAI,CAACG,QAAQ,CAAC;;EAE9DE,SAASA,CAAA;IACd,OAAO,IAAI,CAACD,eAAe,CAACE,YAAY,EAAE;EAC5C;EAEOC,KAAKA,CAACC,IAAwB;IACnC,IAAI,CAACC,kBAAkB,GAAGD,IAAI;IAC9B,IAAI,CAACL,QAAQ,GAAG,IAAI;IACpB,IAAI,CAACO,IAAI,EAAE;EACb;EAEOC,MAAMA,CAAA;IACX,IAAI,CAACF,kBAAkB,GAAGG,SAAS;IACnC,IAAI,CAACT,QAAQ,GAAG,KAAK;IACrB,IAAI,CAACO,IAAI,EAAE;EACb;EAEQA,IAAIA,CAAA;IACV,IAAI,CAACN,eAAe,CAACM,IAAI,CAAC,IAAI,CAACP,QAAQ,CAAC;EAC1C;;;uCAzBWF,cAAc;IAAA;EAAA;;;aAAdA,cAAc;MAAAY,OAAA,EAAdZ,cAAc,CAAAa,IAAA;MAAAC,UAAA,EAFb;IAAM;EAAA",
      "ignoreList": []
    },
    "_coverageSchema": "1a1c01bbd47fc00a2c39e90264f33305004495a9",
    "hash": "f14c36ae27008f09d27c31e241e84c953ac8d2d5"
  },
  "C:\\Users\\pc\\Documents\\Escola\\RNCP OpenClassRooms\\Project_4\\StudioYoga\\studioyoga\\front\\src\\app\\guards\\unauth.guard.ts": {
    "path": "C:\\Users\\pc\\Documents\\Escola\\RNCP OpenClassRooms\\Project_4\\StudioYoga\\studioyoga\\front\\src\\app\\guards\\unauth.guard.ts",
    "statementMap": {
      "0": {
        "start": {
          "line": 6,
          "column": 4
        },
        "end": {
          "line": 6,
          "column": 25
        }
      },
      "1": {
        "start": {
          "line": 7,
          "column": 4
        },
        "end": {
          "line": 7,
          "column": 41
        }
      },
      "2": {
        "start": {
          "line": 10,
          "column": 4
        },
        "end": {
          "line": 13,
          "column": 5
        }
      },
      "3": {
        "start": {
          "line": 11,
          "column": 6
        },
        "end": {
          "line": 11,
          "column": 40
        }
      },
      "4": {
        "start": {
          "line": 12,
          "column": 6
        },
        "end": {
          "line": 12,
          "column": 19
        }
      },
      "5": {
        "start": {
          "line": 14,
          "column": 4
        },
        "end": {
          "line": 14,
          "column": 16
        }
      },
      "6": {
        "start": {
          "line": 17,
          "column": 4
        },
        "end": {
          "line": 19,
          "column": 6
        }
      },
      "7": {
        "start": {
          "line": 18,
          "column": 6
        },
        "end": {
          "line": 18,
          "column": 108
        }
      },
      "8": {
        "start": {
          "line": 22,
          "column": 4
        },
        "end": {
          "line": 26,
          "column": 7
        }
      }
    },
    "fnMap": {
      "0": {
        "name": "(anonymous_0)",
        "decl": {
          "start": {
            "line": 5,
            "column": 2
          },
          "end": {
            "line": 5,
            "column": 3
          }
        },
        "loc": {
          "start": {
            "line": 5,
            "column": 38
          },
          "end": {
            "line": 8,
            "column": 3
          }
        },
        "line": 5
      },
      "1": {
        "name": "(anonymous_1)",
        "decl": {
          "start": {
            "line": 9,
            "column": 2
          },
          "end": {
            "line": 9,
            "column": 3
          }
        },
        "loc": {
          "start": {
            "line": 9,
            "column": 16
          },
          "end": {
            "line": 15,
            "column": 3
          }
        },
        "line": 9
      },
      "2": {
        "name": "UnauthGuard_Factory",
        "decl": {
          "start": {
            "line": 17,
            "column": 25
          },
          "end": {
            "line": 17,
            "column": 44
          }
        },
        "loc": {
          "start": {
            "line": 17,
            "column": 64
          },
          "end": {
            "line": 19,
            "column": 5
          }
        },
        "line": 17
      }
    },
    "branchMap": {
      "0": {
        "loc": {
          "start": {
            "line": 10,
            "column": 4
          },
          "end": {
            "line": 13,
            "column": 5
          }
        },
        "type": "if",
        "locations": [
          {
            "start": {
              "line": 10,
              "column": 4
            },
            "end": {
              "line": 13,
              "column": 5
            }
          },
          {
            "start": {
              "line": 10,
              "column": 4
            },
            "end": {
              "line": 13,
              "column": 5
            }
          }
        ],
        "line": 10
      },
      "1": {
        "loc": {
          "start": {
            "line": 18,
            "column": 18
          },
          "end": {
            "line": 18,
            "column": 50
          }
        },
        "type": "binary-expr",
        "locations": [
          {
            "start": {
              "line": 18,
              "column": 18
            },
            "end": {
              "line": 18,
              "column": 35
            }
          },
          {
            "start": {
              "line": 18,
              "column": 39
            },
            "end": {
              "line": 18,
              "column": 50
            }
          }
        ],
        "line": 18
      }
    },
    "s": {
      "0": 235,
      "1": 235,
      "2": 240,
      "3": 0,
      "4": 0,
      "5": 240,
      "6": 242,
      "7": 235,
      "8": 242
    },
    "f": {
      "0": 235,
      "1": 240,
      "2": 235
    },
    "b": {
      "0": [
        0,
        240
      ],
      "1": [
        235,
        235
      ]
    },
    "inputSourceMap": {
      "version": 3,
      "names": [
        "UnauthGuard",
        "constructor",
        "router",
        "sessionService",
        "canActivate",
        "isLogged",
        "navigate",
        "i0",
        "ɵɵinject",
        "i1",
        "Router",
        "i2",
        "SessionService",
        "factory",
        "ɵfac",
        "providedIn"
      ],
      "sources": [
        "C:\\Users\\pc\\Documents\\Escola\\RNCP OpenClassRooms\\Project_4\\StudioYoga\\studioyoga\\front\\src\\app\\guards\\unauth.guard.ts"
      ],
      "sourcesContent": [
        "import {Injectable} from \"@angular/core\";\nimport {CanActivate, Router} from \"@angular/router\";\nimport { SessionService } from \"../core/service/session.service\";\n\n@Injectable({providedIn: 'root'})\nexport class UnauthGuard implements CanActivate {\n\n  constructor(\n    private router: Router,\n    private sessionService: SessionService,\n  ) {\n  }\n\n  public canActivate(): boolean {\n    if (this.sessionService.isLogged) {\n      this.router.navigate(['rentals']);\n      return false;\n    }\n    return true;\n  }\n}\n"
      ],
      "mappings": ";;;AAKA,OAAM,MAAOA,WAAW;EAEtBC,YACUC,MAAc,EACdC,cAA8B;IAD9B,KAAAD,MAAM,GAANA,MAAM;IACN,KAAAC,cAAc,GAAdA,cAAc;EAExB;EAEOC,WAAWA,CAAA;IAChB,IAAI,IAAI,CAACD,cAAc,CAACE,QAAQ,EAAE;MAChC,IAAI,CAACH,MAAM,CAACI,QAAQ,CAAC,CAAC,SAAS,CAAC,CAAC;MACjC,OAAO,KAAK;IACd;IACA,OAAO,IAAI;EACb;;;uCAdWN,WAAW,EAAAO,EAAA,CAAAC,QAAA,CAAAC,EAAA,CAAAC,MAAA,GAAAH,EAAA,CAAAC,QAAA,CAAAG,EAAA,CAAAC,cAAA;IAAA;EAAA;;;aAAXZ,WAAW;MAAAa,OAAA,EAAXb,WAAW,CAAAc,IAAA;MAAAC,UAAA,EADC;IAAM;EAAA",
      "ignoreList": []
    },
    "_coverageSchema": "1a1c01bbd47fc00a2c39e90264f33305004495a9",
    "hash": "e12aa2aee0f2b0651d669040eadc01898c601cc7"
  },
  "C:\\Users\\pc\\Documents\\Escola\\RNCP OpenClassRooms\\Project_4\\StudioYoga\\studioyoga\\front\\src\\app\\guards\\auth.guard.ts": {
    "path": "C:\\Users\\pc\\Documents\\Escola\\RNCP OpenClassRooms\\Project_4\\StudioYoga\\studioyoga\\front\\src\\app\\guards\\auth.guard.ts",
    "statementMap": {
      "0": {
        "start": {
          "line": 6,
          "column": 4
        },
        "end": {
          "line": 6,
          "column": 25
        }
      },
      "1": {
        "start": {
          "line": 7,
          "column": 4
        },
        "end": {
          "line": 7,
          "column": 41
        }
      },
      "2": {
        "start": {
          "line": 10,
          "column": 4
        },
        "end": {
          "line": 13,
          "column": 5
        }
      },
      "3": {
        "start": {
          "line": 11,
          "column": 6
        },
        "end": {
          "line": 11,
          "column": 38
        }
      },
      "4": {
        "start": {
          "line": 12,
          "column": 6
        },
        "end": {
          "line": 12,
          "column": 19
        }
      },
      "5": {
        "start": {
          "line": 14,
          "column": 4
        },
        "end": {
          "line": 14,
          "column": 16
        }
      },
      "6": {
        "start": {
          "line": 17,
          "column": 4
        },
        "end": {
          "line": 19,
          "column": 6
        }
      },
      "7": {
        "start": {
          "line": 18,
          "column": 6
        },
        "end": {
          "line": 18,
          "column": 106
        }
      },
      "8": {
        "start": {
          "line": 22,
          "column": 4
        },
        "end": {
          "line": 26,
          "column": 7
        }
      }
    },
    "fnMap": {
      "0": {
        "name": "(anonymous_0)",
        "decl": {
          "start": {
            "line": 5,
            "column": 2
          },
          "end": {
            "line": 5,
            "column": 3
          }
        },
        "loc": {
          "start": {
            "line": 5,
            "column": 38
          },
          "end": {
            "line": 8,
            "column": 3
          }
        },
        "line": 5
      },
      "1": {
        "name": "(anonymous_1)",
        "decl": {
          "start": {
            "line": 9,
            "column": 2
          },
          "end": {
            "line": 9,
            "column": 3
          }
        },
        "loc": {
          "start": {
            "line": 9,
            "column": 16
          },
          "end": {
            "line": 15,
            "column": 3
          }
        },
        "line": 9
      },
      "2": {
        "name": "AuthGuard_Factory",
        "decl": {
          "start": {
            "line": 17,
            "column": 25
          },
          "end": {
            "line": 17,
            "column": 42
          }
        },
        "loc": {
          "start": {
            "line": 17,
            "column": 62
          },
          "end": {
            "line": 19,
            "column": 5
          }
        },
        "line": 17
      }
    },
    "branchMap": {
      "0": {
        "loc": {
          "start": {
            "line": 10,
            "column": 4
          },
          "end": {
            "line": 13,
            "column": 5
          }
        },
        "type": "if",
        "locations": [
          {
            "start": {
              "line": 10,
              "column": 4
            },
            "end": {
              "line": 13,
              "column": 5
            }
          },
          {
            "start": {
              "line": 10,
              "column": 4
            },
            "end": {
              "line": 13,
              "column": 5
            }
          }
        ],
        "line": 10
      },
      "1": {
        "loc": {
          "start": {
            "line": 18,
            "column": 18
          },
          "end": {
            "line": 18,
            "column": 48
          }
        },
        "type": "binary-expr",
        "locations": [
          {
            "start": {
              "line": 18,
              "column": 18
            },
            "end": {
              "line": 18,
              "column": 35
            }
          },
          {
            "start": {
              "line": 18,
              "column": 39
            },
            "end": {
              "line": 18,
              "column": 48
            }
          }
        ],
        "line": 18
      }
    },
    "s": {
      "0": 227,
      "1": 227,
      "2": 259,
      "3": 60,
      "4": 60,
      "5": 199,
      "6": 242,
      "7": 227,
      "8": 242
    },
    "f": {
      "0": 227,
      "1": 259,
      "2": 227
    },
    "b": {
      "0": [
        60,
        199
      ],
      "1": [
        227,
        227
      ]
    },
    "inputSourceMap": {
      "version": 3,
      "names": [
        "AuthGuard",
        "constructor",
        "router",
        "sessionService",
        "canActivate",
        "isLogged",
        "navigate",
        "i0",
        "ɵɵinject",
        "i1",
        "Router",
        "i2",
        "SessionService",
        "factory",
        "ɵfac",
        "providedIn"
      ],
      "sources": [
        "C:\\Users\\pc\\Documents\\Escola\\RNCP OpenClassRooms\\Project_4\\StudioYoga\\studioyoga\\front\\src\\app\\guards\\auth.guard.ts"
      ],
      "sourcesContent": [
        "import {Injectable} from \"@angular/core\";\nimport {CanActivate, Router} from \"@angular/router\";\nimport { SessionService } from \"../core/service/session.service\";\n\n@Injectable({providedIn: 'root'})\nexport class AuthGuard implements CanActivate {\n\n  constructor(\n    private router: Router,\n    private sessionService: SessionService,\n  ) {\n  }\n\n  public canActivate(): boolean {\n    if (!this.sessionService.isLogged) {\n      this.router.navigate(['login']);\n      return false;\n    }\n    return true;\n  }\n}\n"
      ],
      "mappings": ";;;AAKA,OAAM,MAAOA,SAAS;EAEpBC,YACUC,MAAc,EACdC,cAA8B;IAD9B,KAAAD,MAAM,GAANA,MAAM;IACN,KAAAC,cAAc,GAAdA,cAAc;EAExB;EAEOC,WAAWA,CAAA;IAChB,IAAI,CAAC,IAAI,CAACD,cAAc,CAACE,QAAQ,EAAE;MACjC,IAAI,CAACH,MAAM,CAACI,QAAQ,CAAC,CAAC,OAAO,CAAC,CAAC;MAC/B,OAAO,KAAK;IACd;IACA,OAAO,IAAI;EACb;;;uCAdWN,SAAS,EAAAO,EAAA,CAAAC,QAAA,CAAAC,EAAA,CAAAC,MAAA,GAAAH,EAAA,CAAAC,QAAA,CAAAG,EAAA,CAAAC,cAAA;IAAA;EAAA;;;aAATZ,SAAS;MAAAa,OAAA,EAATb,SAAS,CAAAc,IAAA;MAAAC,UAAA,EADG;IAAM;EAAA",
      "ignoreList": []
    },
    "_coverageSchema": "1a1c01bbd47fc00a2c39e90264f33305004495a9",
    "hash": "d2aef5888d2390e896104464c52104f39015f19a"
  },
  "C:\\Users\\pc\\Documents\\Escola\\RNCP OpenClassRooms\\Project_4\\StudioYoga\\studioyoga\\front\\src\\app\\core\\service\\user.service.ts": {
    "path": "C:\\Users\\pc\\Documents\\Escola\\RNCP OpenClassRooms\\Project_4\\StudioYoga\\studioyoga\\front\\src\\app\\core\\service\\user.service.ts",
    "statementMap": {
      "0": {
        "start": {
          "line": 5,
          "column": 4
        },
        "end": {
          "line": 5,
          "column": 33
        }
      },
      "1": {
        "start": {
          "line": 6,
          "column": 4
        },
        "end": {
          "line": 6,
          "column": 34
        }
      },
      "2": {
        "start": {
          "line": 9,
          "column": 4
        },
        "end": {
          "line": 9,
          "column": 60
        }
      },
      "3": {
        "start": {
          "line": 12,
          "column": 4
        },
        "end": {
          "line": 12,
          "column": 63
        }
      },
      "4": {
        "start": {
          "line": 15,
          "column": 4
        },
        "end": {
          "line": 17,
          "column": 6
        }
      },
      "5": {
        "start": {
          "line": 16,
          "column": 6
        },
        "end": {
          "line": 16,
          "column": 80
        }
      },
      "6": {
        "start": {
          "line": 20,
          "column": 4
        },
        "end": {
          "line": 24,
          "column": 7
        }
      }
    },
    "fnMap": {
      "0": {
        "name": "(anonymous_0)",
        "decl": {
          "start": {
            "line": 4,
            "column": 2
          },
          "end": {
            "line": 4,
            "column": 3
          }
        },
        "loc": {
          "start": {
            "line": 4,
            "column": 26
          },
          "end": {
            "line": 7,
            "column": 3
          }
        },
        "line": 4
      },
      "1": {
        "name": "(anonymous_1)",
        "decl": {
          "start": {
            "line": 8,
            "column": 2
          },
          "end": {
            "line": 8,
            "column": 3
          }
        },
        "loc": {
          "start": {
            "line": 8,
            "column": 14
          },
          "end": {
            "line": 10,
            "column": 3
          }
        },
        "line": 8
      },
      "2": {
        "name": "(anonymous_2)",
        "decl": {
          "start": {
            "line": 11,
            "column": 2
          },
          "end": {
            "line": 11,
            "column": 3
          }
        },
        "loc": {
          "start": {
            "line": 11,
            "column": 13
          },
          "end": {
            "line": 13,
            "column": 3
          }
        },
        "line": 11
      },
      "3": {
        "name": "UserService_Factory",
        "decl": {
          "start": {
            "line": 15,
            "column": 25
          },
          "end": {
            "line": 15,
            "column": 44
          }
        },
        "loc": {
          "start": {
            "line": 15,
            "column": 64
          },
          "end": {
            "line": 17,
            "column": 5
          }
        },
        "line": 15
      }
    },
    "branchMap": {
      "0": {
        "loc": {
          "start": {
            "line": 16,
            "column": 18
          },
          "end": {
            "line": 16,
            "column": 50
          }
        },
        "type": "binary-expr",
        "locations": [
          {
            "start": {
              "line": 16,
              "column": 18
            },
            "end": {
              "line": 16,
              "column": 35
            }
          },
          {
            "start": {
              "line": 16,
              "column": 39
            },
            "end": {
              "line": 16,
              "column": 50
            }
          }
        ],
        "line": 16
      }
    },
    "s": {
      "0": 29,
      "1": 29,
      "2": 29,
      "3": 6,
      "4": 242,
      "5": 29,
      "6": 242
    },
    "f": {
      "0": 29,
      "1": 29,
      "2": 6,
      "3": 29
    },
    "b": {
      "0": [
        29,
        29
      ]
    },
    "inputSourceMap": {
      "version": 3,
      "names": [
        "UserService",
        "constructor",
        "httpClient",
        "pathService",
        "getById",
        "id",
        "get",
        "delete",
        "i0",
        "ɵɵinject",
        "i1",
        "HttpClient",
        "factory",
        "ɵfac",
        "providedIn"
      ],
      "sources": [
        "C:\\Users\\pc\\Documents\\Escola\\RNCP OpenClassRooms\\Project_4\\StudioYoga\\studioyoga\\front\\src\\app\\core\\service\\user.service.ts"
      ],
      "sourcesContent": [
        "import { HttpClient } from '@angular/common/http';\nimport { Injectable } from '@angular/core';\nimport { Observable } from 'rxjs';\nimport { User } from '../models/user.interface';\n\n@Injectable({\n  providedIn: 'root'\n})\nexport class UserService {\n\n  private pathService = 'api/user';\n\n  constructor(private httpClient: HttpClient) { }\n\n  public getById(id: string): Observable<User> {\n    return this.httpClient.get<User>(`${this.pathService}/${id}`);\n  }\n\n  public delete(id: string): Observable<any> {\n    return this.httpClient.delete(`${this.pathService}/${id}`);\n  }\n}\n"
      ],
      "mappings": ";;AAQA,OAAM,MAAOA,WAAW;EAItBC,YAAoBC,UAAsB;IAAtB,KAAAA,UAAU,GAAVA,UAAU;IAFtB,KAAAC,WAAW,GAAG,UAAU;EAEc;EAEvCC,OAAOA,CAACC,EAAU;IACvB,OAAO,IAAI,CAACH,UAAU,CAACI,GAAG,CAAO,GAAG,IAAI,CAACH,WAAW,IAAIE,EAAE,EAAE,CAAC;EAC/D;EAEOE,MAAMA,CAACF,EAAU;IACtB,OAAO,IAAI,CAACH,UAAU,CAACK,MAAM,CAAC,GAAG,IAAI,CAACJ,WAAW,IAAIE,EAAE,EAAE,CAAC;EAC5D;;;uCAZWL,WAAW,EAAAQ,EAAA,CAAAC,QAAA,CAAAC,EAAA,CAAAC,UAAA;IAAA;EAAA;;;aAAXX,WAAW;MAAAY,OAAA,EAAXZ,WAAW,CAAAa,IAAA;MAAAC,UAAA,EAFV;IAAM;EAAA",
      "ignoreList": []
    },
    "_coverageSchema": "1a1c01bbd47fc00a2c39e90264f33305004495a9",
    "hash": "6e809395ea6b16e78ec0412fd232fcd08ea3d4b1"
  },
  "C:\\Users\\pc\\Documents\\Escola\\RNCP OpenClassRooms\\Project_4\\StudioYoga\\studioyoga\\front\\src\\app\\shared\\material.module.ts": {
    "path": "C:\\Users\\pc\\Documents\\Escola\\RNCP OpenClassRooms\\Project_4\\StudioYoga\\studioyoga\\front\\src\\app\\shared\\material.module.ts",
    "statementMap": {
      "0": {
        "start": {
          "line": 30,
          "column": 24
        },
        "end": {
          "line": 30,
          "column": 517
        }
      },
      "1": {
        "start": {
          "line": 33,
          "column": 4
        },
        "end": {
          "line": 35,
          "column": 6
        }
      },
      "2": {
        "start": {
          "line": 34,
          "column": 6
        },
        "end": {
          "line": 34,
          "column": 57
        }
      },
      "3": {
        "start": {
          "line": 38,
          "column": 4
        },
        "end": {
          "line": 40,
          "column": 7
        }
      },
      "4": {
        "start": {
          "line": 43,
          "column": 4
        },
        "end": {
          "line": 45,
          "column": 7
        }
      },
      "5": {
        "start": {
          "line": 48,
          "column": 0
        },
        "end": {
          "line": 53,
          "column": 5
        }
      },
      "6": {
        "start": {
          "line": 49,
          "column": 2
        },
        "end": {
          "line": 52,
          "column": 5
        }
      }
    },
    "fnMap": {
      "0": {
        "name": "MaterialModule_Factory",
        "decl": {
          "start": {
            "line": 33,
            "column": 25
          },
          "end": {
            "line": 33,
            "column": 47
          }
        },
        "loc": {
          "start": {
            "line": 33,
            "column": 67
          },
          "end": {
            "line": 35,
            "column": 5
          }
        },
        "line": 33
      },
      "1": {
        "name": "(anonymous_1)",
        "decl": {
          "start": {
            "line": 48,
            "column": 1
          },
          "end": {
            "line": 48,
            "column": 2
          }
        },
        "loc": {
          "start": {
            "line": 48,
            "column": 13
          },
          "end": {
            "line": 53,
            "column": 1
          }
        },
        "line": 48
      }
    },
    "branchMap": {
      "0": {
        "loc": {
          "start": {
            "line": 34,
            "column": 18
          },
          "end": {
            "line": 34,
            "column": 53
          }
        },
        "type": "binary-expr",
        "locations": [
          {
            "start": {
              "line": 34,
              "column": 18
            },
            "end": {
              "line": 34,
              "column": 35
            }
          },
          {
            "start": {
              "line": 34,
              "column": 39
            },
            "end": {
              "line": 34,
              "column": 53
            }
          }
        ],
        "line": 34
      },
      "1": {
        "loc": {
          "start": {
            "line": 49,
            "column": 2
          },
          "end": {
            "line": 52,
            "column": 4
          }
        },
        "type": "binary-expr",
        "locations": [
          {
            "start": {
              "line": 49,
              "column": 3
            },
            "end": {
              "line": 49,
              "column": 35
            }
          },
          {
            "start": {
              "line": 49,
              "column": 39
            },
            "end": {
              "line": 49,
              "column": 48
            }
          },
          {
            "start": {
              "line": 49,
              "column": 53
            },
            "end": {
              "line": 52,
              "column": 4
            }
          }
        ],
        "line": 49
      }
    },
    "s": {
      "0": 242,
      "1": 242,
      "2": 741,
      "3": 242,
      "4": 242,
      "5": 242,
      "6": 242
    },
    "f": {
      "0": 741,
      "1": 242
    },
    "b": {
      "0": [
        741,
        741
      ],
      "1": [
        242,
        0,
        242
      ]
    },
    "inputSourceMap": {
      "version": 3,
      "names": [
        "OverlayModule",
        "CdkTreeModule",
        "PortalModule",
        "MatAutocompleteModule",
        "MatButtonModule",
        "MatButtonToggleModule",
        "MatCardModule",
        "MatCheckboxModule",
        "MatChipsModule",
        "MatRippleModule",
        "MatDividerModule",
        "MatExpansionModule",
        "MatFormFieldModule",
        "MatIconModule",
        "MatInputModule",
        "MatListModule",
        "MatMenuModule",
        "MatPaginatorModule",
        "MatProgressSpinnerModule",
        "MatSelectModule",
        "MatSidenavModule",
        "MatSnackBarModule",
        "MatSortModule",
        "MatTableModule",
        "MatTabsModule",
        "MatToolbarModule",
        "MatTreeModule",
        "ReactiveFormsModule",
        "materialModules",
        "MaterialModule",
        "imports",
        "exports"
      ],
      "sources": [
        "C:\\Users\\pc\\Documents\\Escola\\RNCP OpenClassRooms\\Project_4\\StudioYoga\\studioyoga\\front\\src\\app\\shared\\material.module.ts"
      ],
      "sourcesContent": [
        "import { NgModule } from '@angular/core';\nimport { OverlayModule } from '@angular/cdk/overlay';\nimport { CdkTreeModule } from '@angular/cdk/tree';\nimport { PortalModule } from '@angular/cdk/portal';\nimport { MatAutocompleteModule } from '@angular/material/autocomplete';\nimport { MatButtonModule } from '@angular/material/button';\nimport { MatButtonToggleModule } from '@angular/material/button-toggle';\nimport { MatCardModule } from '@angular/material/card';\nimport { MatCheckboxModule } from '@angular/material/checkbox';\nimport { MatChipsModule } from '@angular/material/chips';\nimport { MatRippleModule } from '@angular/material/core';\nimport { MatDividerModule } from '@angular/material/divider';\nimport { MatExpansionModule } from '@angular/material/expansion';\nimport { MatFormFieldModule } from '@angular/material/form-field';\nimport { MatIconModule } from '@angular/material/icon';\nimport { MatInputModule } from '@angular/material/input';\nimport { MatListModule } from '@angular/material/list';\nimport { MatMenuModule } from '@angular/material/menu';\nimport { MatPaginatorModule } from '@angular/material/paginator';\nimport { MatProgressSpinnerModule } from '@angular/material/progress-spinner';\nimport { MatSelectModule } from '@angular/material/select';\nimport { MatSidenavModule } from '@angular/material/sidenav';\nimport { MatSnackBarModule } from '@angular/material/snack-bar';\nimport { MatSortModule } from '@angular/material/sort';\nimport { MatTableModule } from '@angular/material/table';\nimport { MatTabsModule } from '@angular/material/tabs';\nimport { MatToolbarModule } from '@angular/material/toolbar';\nimport { MatTreeModule } from '@angular/material/tree';\nimport { ReactiveFormsModule } from '@angular/forms';\n\n\nconst materialModules = [\n  ReactiveFormsModule,\n  CdkTreeModule,\n  MatAutocompleteModule,\n  MatButtonModule,\n  MatCardModule,\n  MatCheckboxModule,\n  MatChipsModule,\n  MatDividerModule,\n  MatExpansionModule,\n  MatIconModule,\n  MatInputModule,\n  MatListModule,\n  MatMenuModule,\n  MatProgressSpinnerModule,\n  MatPaginatorModule,\n  MatRippleModule,\n  MatSelectModule,\n  MatSidenavModule,\n  MatSnackBarModule,\n  MatSortModule,\n  MatTableModule,\n  MatTabsModule,\n  MatToolbarModule,\n  MatFormFieldModule,\n  MatButtonToggleModule,\n  MatTreeModule,\n  OverlayModule,\n  PortalModule\n];\n\n@NgModule({\n  imports: [\n    ...materialModules\n  ],\n  exports: [\n    ...materialModules\n  ],\n})\nexport class MaterialModule { }\n"
      ],
      "mappings": "AACA,SAASA,aAAa,QAAQ,sBAAsB;AACpD,SAASC,aAAa,QAAQ,mBAAmB;AACjD,SAASC,YAAY,QAAQ,qBAAqB;AAClD,SAASC,qBAAqB,QAAQ,gCAAgC;AACtE,SAASC,eAAe,QAAQ,0BAA0B;AAC1D,SAASC,qBAAqB,QAAQ,iCAAiC;AACvE,SAASC,aAAa,QAAQ,wBAAwB;AACtD,SAASC,iBAAiB,QAAQ,4BAA4B;AAC9D,SAASC,cAAc,QAAQ,yBAAyB;AACxD,SAASC,eAAe,QAAQ,wBAAwB;AACxD,SAASC,gBAAgB,QAAQ,2BAA2B;AAC5D,SAASC,kBAAkB,QAAQ,6BAA6B;AAChE,SAASC,kBAAkB,QAAQ,8BAA8B;AACjE,SAASC,aAAa,QAAQ,wBAAwB;AACtD,SAASC,cAAc,QAAQ,yBAAyB;AACxD,SAASC,aAAa,QAAQ,wBAAwB;AACtD,SAASC,aAAa,QAAQ,wBAAwB;AACtD,SAASC,kBAAkB,QAAQ,6BAA6B;AAChE,SAASC,wBAAwB,QAAQ,oCAAoC;AAC7E,SAASC,eAAe,QAAQ,0BAA0B;AAC1D,SAASC,gBAAgB,QAAQ,2BAA2B;AAC5D,SAASC,iBAAiB,QAAQ,6BAA6B;AAC/D,SAASC,aAAa,QAAQ,wBAAwB;AACtD,SAASC,cAAc,QAAQ,yBAAyB;AACxD,SAASC,aAAa,QAAQ,wBAAwB;AACtD,SAASC,gBAAgB,QAAQ,2BAA2B;AAC5D,SAASC,aAAa,QAAQ,wBAAwB;AACtD,SAASC,mBAAmB,QAAQ,gBAAgB;;AAGpD,MAAMC,eAAe,GAAG,CACtBD,mBAAmB,EACnB1B,aAAa,EACbE,qBAAqB,EACrBC,eAAe,EACfE,aAAa,EACbC,iBAAiB,EACjBC,cAAc,EACdE,gBAAgB,EAChBC,kBAAkB,EAClBE,aAAa,EACbC,cAAc,EACdC,aAAa,EACbC,aAAa,EACbE,wBAAwB,EACxBD,kBAAkB,EAClBR,eAAe,EACfU,eAAe,EACfC,gBAAgB,EAChBC,iBAAiB,EACjBC,aAAa,EACbC,cAAc,EACdC,aAAa,EACbC,gBAAgB,EAChBb,kBAAkB,EAClBP,qBAAqB,EACrBqB,aAAa,EACb1B,aAAa,EACbE,YAAY,CACb;AAUD,OAAM,MAAO2B,cAAc;;;uCAAdA,cAAc;IAAA;EAAA;;;YAAdA;IAAc;EAAA;;;gBANpBD,eAAe,EAhCpBD,mBAAmB,EACnB1B,aAAa,EACbE,qBAAqB,EACrBC,eAAe,EACfE,aAAa,EACbC,iBAAiB,EACjBC,cAAc,EACdE,gBAAgB,EAChBC,kBAAkB,EAClBE,aAAa,EACbC,cAAc,EACdC,aAAa,EACbC,aAAa,EACbE,wBAAwB,EACxBD,kBAAkB,EAClBR,eAAe,EACfU,eAAe,EACfC,gBAAgB,EAChBC,iBAAiB,EACjBC,aAAa,EACbC,cAAc,EACdC,aAAa,EACbC,gBAAgB,EAChBb,kBAAkB,EAClBP,qBAAqB,EACrBqB,aAAa,EACb1B,aAAa,EACbE,YAAY;IAAA;EAAA;;;2EAWD2B,cAAc;IAAAC,OAAA,GAtCzBH,mBAAmB,EACnB1B,aAAa,EACbE,qBAAqB,EACrBC,eAAe,EACfE,aAAa,EACbC,iBAAiB,EACjBC,cAAc,EACdE,gBAAgB,EAChBC,kBAAkB,EAClBE,aAAa,EACbC,cAAc,EACdC,aAAa,EACbC,aAAa,EACbE,wBAAwB,EACxBD,kBAAkB,EAClBR,eAAe,EACfU,eAAe,EACfC,gBAAgB,EAChBC,iBAAiB,EACjBC,aAAa,EACbC,cAAc,EACdC,aAAa,EACbC,gBAAgB,EAChBb,kBAAkB,EAClBP,qBAAqB,EACrBqB,aAAa,EACb1B,aAAa,EACbE,YAAY;IAAA6B,OAAA,GA3BZJ,mBAAmB,EACnB1B,aAAa,EACbE,qBAAqB,EACrBC,eAAe,EACfE,aAAa,EACbC,iBAAiB,EACjBC,cAAc,EACdE,gBAAgB,EAChBC,kBAAkB,EAClBE,aAAa,EACbC,cAAc,EACdC,aAAa,EACbC,aAAa,EACbE,wBAAwB,EACxBD,kBAAkB,EAClBR,eAAe,EACfU,eAAe,EACfC,gBAAgB,EAChBC,iBAAiB,EACjBC,aAAa,EACbC,cAAc,EACdC,aAAa,EACbC,gBAAgB,EAChBb,kBAAkB,EAClBP,qBAAqB,EACrBqB,aAAa,EACb1B,aAAa,EACbE,YAAY;EAAA;AAAA",
      "ignoreList": []
    },
    "_coverageSchema": "1a1c01bbd47fc00a2c39e90264f33305004495a9",
    "hash": "5b422b1b8fae62f82ab1726b83c18d49bd8d88bb"
  },
  "C:\\Users\\pc\\Documents\\Escola\\RNCP OpenClassRooms\\Project_4\\StudioYoga\\studioyoga\\front\\src\\app\\components\\me\\me.component.ts": {
    "path": "C:\\Users\\pc\\Documents\\Escola\\RNCP OpenClassRooms\\Project_4\\StudioYoga\\studioyoga\\front\\src\\app\\components\\me\\me.component.ts",
    "statementMap": {
      "0": {
        "start": {
          "line": 15,
          "column": 2
        },
        "end": {
          "line": 19,
          "column": 3
        }
      },
      "1": {
        "start": {
          "line": 16,
          "column": 4
        },
        "end": {
          "line": 16,
          "column": 33
        }
      },
      "2": {
        "start": {
          "line": 17,
          "column": 4
        },
        "end": {
          "line": 17,
          "column": 34
        }
      },
      "3": {
        "start": {
          "line": 18,
          "column": 4
        },
        "end": {
          "line": 18,
          "column": 22
        }
      },
      "4": {
        "start": {
          "line": 22,
          "column": 2
        },
        "end": {
          "line": 39,
          "column": 3
        }
      },
      "5": {
        "start": {
          "line": 23,
          "column": 16
        },
        "end": {
          "line": 23,
          "column": 37
        }
      },
      "6": {
        "start": {
          "line": 24,
          "column": 4
        },
        "end": {
          "line": 24,
          "column": 43
        }
      },
      "7": {
        "start": {
          "line": 25,
          "column": 4
        },
        "end": {
          "line": 25,
          "column": 39
        }
      },
      "8": {
        "start": {
          "line": 26,
          "column": 4
        },
        "end": {
          "line": 26,
          "column": 22
        }
      },
      "9": {
        "start": {
          "line": 27,
          "column": 4
        },
        "end": {
          "line": 27,
          "column": 38
        }
      },
      "10": {
        "start": {
          "line": 28,
          "column": 4
        },
        "end": {
          "line": 32,
          "column": 7
        }
      },
      "11": {
        "start": {
          "line": 29,
          "column": 6
        },
        "end": {
          "line": 29,
          "column": 28
        }
      },
      "12": {
        "start": {
          "line": 30,
          "column": 21
        },
        "end": {
          "line": 30,
          "column": 40
        }
      },
      "13": {
        "start": {
          "line": 31,
          "column": 6
        },
        "end": {
          "line": 31,
          "column": 45
        }
      },
      "14": {
        "start": {
          "line": 33,
          "column": 4
        },
        "end": {
          "line": 33,
          "column": 37
        }
      },
      "15": {
        "start": {
          "line": 34,
          "column": 4
        },
        "end": {
          "line": 34,
          "column": 27
        }
      },
      "16": {
        "start": {
          "line": 35,
          "column": 4
        },
        "end": {
          "line": 35,
          "column": 22
        }
      },
      "17": {
        "start": {
          "line": 36,
          "column": 4
        },
        "end": {
          "line": 36,
          "column": 36
        }
      },
      "18": {
        "start": {
          "line": 37,
          "column": 4
        },
        "end": {
          "line": 37,
          "column": 27
        }
      },
      "19": {
        "start": {
          "line": 38,
          "column": 4
        },
        "end": {
          "line": 38,
          "column": 26
        }
      },
      "20": {
        "start": {
          "line": 42,
          "column": 2
        },
        "end": {
          "line": 63,
          "column": 3
        }
      },
      "21": {
        "start": {
          "line": 43,
          "column": 4
        },
        "end": {
          "line": 43,
          "column": 43
        }
      },
      "22": {
        "start": {
          "line": 44,
          "column": 4
        },
        "end": {
          "line": 44,
          "column": 17
        }
      },
      "23": {
        "start": {
          "line": 45,
          "column": 4
        },
        "end": {
          "line": 45,
          "column": 30
        }
      },
      "24": {
        "start": {
          "line": 46,
          "column": 4
        },
        "end": {
          "line": 46,
          "column": 22
        }
      },
      "25": {
        "start": {
          "line": 47,
          "column": 4
        },
        "end": {
          "line": 47,
          "column": 30
        }
      },
      "26": {
        "start": {
          "line": 48,
          "column": 4
        },
        "end": {
          "line": 48,
          "column": 17
        }
      },
      "27": {
        "start": {
          "line": 49,
          "column": 4
        },
        "end": {
          "line": 49,
          "column": 22
        }
      },
      "28": {
        "start": {
          "line": 50,
          "column": 4
        },
        "end": {
          "line": 50,
          "column": 156
        }
      },
      "29": {
        "start": {
          "line": 51,
          "column": 4
        },
        "end": {
          "line": 51,
          "column": 52
        }
      },
      "30": {
        "start": {
          "line": 52,
          "column": 4
        },
        "end": {
          "line": 52,
          "column": 33
        }
      },
      "31": {
        "start": {
          "line": 53,
          "column": 4
        },
        "end": {
          "line": 53,
          "column": 22
        }
      },
      "32": {
        "start": {
          "line": 54,
          "column": 4
        },
        "end": {
          "line": 54,
          "column": 18
        }
      },
      "33": {
        "start": {
          "line": 55,
          "column": 4
        },
        "end": {
          "line": 55,
          "column": 26
        }
      },
      "34": {
        "start": {
          "line": 56,
          "column": 4
        },
        "end": {
          "line": 56,
          "column": 22
        }
      },
      "35": {
        "start": {
          "line": 57,
          "column": 4
        },
        "end": {
          "line": 57,
          "column": 40
        }
      },
      "36": {
        "start": {
          "line": 58,
          "column": 4
        },
        "end": {
          "line": 58,
          "column": 35
        }
      },
      "37": {
        "start": {
          "line": 59,
          "column": 4
        },
        "end": {
          "line": 59,
          "column": 22
        }
      },
      "38": {
        "start": {
          "line": 60,
          "column": 4
        },
        "end": {
          "line": 60,
          "column": 18
        }
      },
      "39": {
        "start": {
          "line": 61,
          "column": 4
        },
        "end": {
          "line": 61,
          "column": 26
        }
      },
      "40": {
        "start": {
          "line": 62,
          "column": 4
        },
        "end": {
          "line": 62,
          "column": 26
        }
      },
      "41": {
        "start": {
          "line": 64,
          "column": 2
        },
        "end": {
          "line": 78,
          "column": 3
        }
      },
      "42": {
        "start": {
          "line": 65,
          "column": 19
        },
        "end": {
          "line": 65,
          "column": 37
        }
      },
      "43": {
        "start": {
          "line": 66,
          "column": 4
        },
        "end": {
          "line": 66,
          "column": 20
        }
      },
      "44": {
        "start": {
          "line": 67,
          "column": 4
        },
        "end": {
          "line": 67,
          "column": 112
        }
      },
      "45": {
        "start": {
          "line": 68,
          "column": 4
        },
        "end": {
          "line": 68,
          "column": 20
        }
      },
      "46": {
        "start": {
          "line": 69,
          "column": 4
        },
        "end": {
          "line": 69,
          "column": 60
        }
      },
      "47": {
        "start": {
          "line": 70,
          "column": 4
        },
        "end": {
          "line": 70,
          "column": 19
        }
      },
      "48": {
        "start": {
          "line": 71,
          "column": 4
        },
        "end": {
          "line": 71,
          "column": 49
        }
      },
      "49": {
        "start": {
          "line": 72,
          "column": 4
        },
        "end": {
          "line": 72,
          "column": 19
        }
      },
      "50": {
        "start": {
          "line": 73,
          "column": 4
        },
        "end": {
          "line": 73,
          "column": 50
        }
      },
      "51": {
        "start": {
          "line": 74,
          "column": 4
        },
        "end": {
          "line": 74,
          "column": 20
        }
      },
      "52": {
        "start": {
          "line": 75,
          "column": 4
        },
        "end": {
          "line": 75,
          "column": 93
        }
      },
      "53": {
        "start": {
          "line": 76,
          "column": 4
        },
        "end": {
          "line": 76,
          "column": 20
        }
      },
      "54": {
        "start": {
          "line": 77,
          "column": 4
        },
        "end": {
          "line": 77,
          "column": 94
        }
      },
      "55": {
        "start": {
          "line": 82,
          "column": 4
        },
        "end": {
          "line": 82,
          "column": 33
        }
      },
      "56": {
        "start": {
          "line": 83,
          "column": 4
        },
        "end": {
          "line": 83,
          "column": 49
        }
      },
      "57": {
        "start": {
          "line": 84,
          "column": 4
        },
        "end": {
          "line": 84,
          "column": 43
        }
      },
      "58": {
        "start": {
          "line": 85,
          "column": 4
        },
        "end": {
          "line": 85,
          "column": 43
        }
      },
      "59": {
        "start": {
          "line": 86,
          "column": 4
        },
        "end": {
          "line": 86,
          "column": 34
        }
      },
      "60": {
        "start": {
          "line": 90,
          "column": 4
        },
        "end": {
          "line": 90,
          "column": 150
        }
      },
      "61": {
        "start": {
          "line": 90,
          "column": 132
        },
        "end": {
          "line": 90,
          "column": 148
        }
      },
      "62": {
        "start": {
          "line": 93,
          "column": 4
        },
        "end": {
          "line": 93,
          "column": 26
        }
      },
      "63": {
        "start": {
          "line": 97,
          "column": 4
        },
        "end": {
          "line": 103,
          "column": 7
        }
      },
      "64": {
        "start": {
          "line": 98,
          "column": 6
        },
        "end": {
          "line": 100,
          "column": 9
        }
      },
      "65": {
        "start": {
          "line": 101,
          "column": 6
        },
        "end": {
          "line": 101,
          "column": 35
        }
      },
      "66": {
        "start": {
          "line": 102,
          "column": 6
        },
        "end": {
          "line": 102,
          "column": 34
        }
      },
      "67": {
        "start": {
          "line": 107,
          "column": 4
        },
        "end": {
          "line": 107,
          "column": 25
        }
      },
      "68": {
        "start": {
          "line": 108,
          "column": 4
        },
        "end": {
          "line": 108,
          "column": 29
        }
      },
      "69": {
        "start": {
          "line": 111,
          "column": 4
        },
        "end": {
          "line": 113,
          "column": 6
        }
      },
      "70": {
        "start": {
          "line": 112,
          "column": 6
        },
        "end": {
          "line": 112,
          "column": 54
        }
      },
      "71": {
        "start": {
          "line": 116,
          "column": 4
        },
        "end": {
          "line": 145,
          "column": 7
        }
      },
      "72": {
        "start": {
          "line": 123,
          "column": 8
        },
        "end": {
          "line": 137,
          "column": 9
        }
      },
      "73": {
        "start": {
          "line": 124,
          "column": 10
        },
        "end": {
          "line": 124,
          "column": 106
        }
      },
      "74": {
        "start": {
          "line": 125,
          "column": 10
        },
        "end": {
          "line": 127,
          "column": 13
        }
      },
      "75": {
        "start": {
          "line": 126,
          "column": 12
        },
        "end": {
          "line": 126,
          "column": 30
        }
      },
      "76": {
        "start": {
          "line": 128,
          "column": 10
        },
        "end": {
          "line": 128,
          "column": 43
        }
      },
      "77": {
        "start": {
          "line": 129,
          "column": 10
        },
        "end": {
          "line": 129,
          "column": 37
        }
      },
      "78": {
        "start": {
          "line": 130,
          "column": 10
        },
        "end": {
          "line": 130,
          "column": 30
        }
      },
      "79": {
        "start": {
          "line": 131,
          "column": 10
        },
        "end": {
          "line": 131,
          "column": 37
        }
      },
      "80": {
        "start": {
          "line": 132,
          "column": 10
        },
        "end": {
          "line": 132,
          "column": 43
        }
      },
      "81": {
        "start": {
          "line": 133,
          "column": 10
        },
        "end": {
          "line": 133,
          "column": 32
        }
      },
      "82": {
        "start": {
          "line": 134,
          "column": 10
        },
        "end": {
          "line": 134,
          "column": 51
        }
      },
      "83": {
        "start": {
          "line": 135,
          "column": 10
        },
        "end": {
          "line": 135,
          "column": 83
        }
      },
      "84": {
        "start": {
          "line": 136,
          "column": 10
        },
        "end": {
          "line": 136,
          "column": 32
        }
      },
      "85": {
        "start": {
          "line": 138,
          "column": 8
        },
        "end": {
          "line": 141,
          "column": 9
        }
      },
      "86": {
        "start": {
          "line": 139,
          "column": 10
        },
        "end": {
          "line": 139,
          "column": 27
        }
      },
      "87": {
        "start": {
          "line": 140,
          "column": 10
        },
        "end": {
          "line": 140,
          "column": 47
        }
      }
    },
    "fnMap": {
      "0": {
        "name": "MeComponent_Conditional_10_Conditional_6_Template",
        "decl": {
          "start": {
            "line": 14,
            "column": 9
          },
          "end": {
            "line": 14,
            "column": 58
          }
        },
        "loc": {
          "start": {
            "line": 14,
            "column": 68
          },
          "end": {
            "line": 20,
            "column": 1
          }
        },
        "line": 14
      },
      "1": {
        "name": "MeComponent_Conditional_10_Conditional_7_Template",
        "decl": {
          "start": {
            "line": 21,
            "column": 9
          },
          "end": {
            "line": 21,
            "column": 58
          }
        },
        "loc": {
          "start": {
            "line": 21,
            "column": 68
          },
          "end": {
            "line": 40,
            "column": 1
          }
        },
        "line": 21
      },
      "2": {
        "name": "MeComponent_Conditional_10_Conditional_7_Template_button_click_3_listener",
        "decl": {
          "start": {
            "line": 28,
            "column": 36
          },
          "end": {
            "line": 28,
            "column": 109
          }
        },
        "loc": {
          "start": {
            "line": 28,
            "column": 112
          },
          "end": {
            "line": 32,
            "column": 5
          }
        },
        "line": 28
      },
      "3": {
        "name": "MeComponent_Conditional_10_Template",
        "decl": {
          "start": {
            "line": 41,
            "column": 9
          },
          "end": {
            "line": 41,
            "column": 44
          }
        },
        "loc": {
          "start": {
            "line": 41,
            "column": 54
          },
          "end": {
            "line": 79,
            "column": 1
          }
        },
        "line": 41
      },
      "4": {
        "name": "(anonymous_4)",
        "decl": {
          "start": {
            "line": 81,
            "column": 2
          },
          "end": {
            "line": 81,
            "column": 3
          }
        },
        "loc": {
          "start": {
            "line": 81,
            "column": 16
          },
          "end": {
            "line": 87,
            "column": 3
          }
        },
        "line": 81
      },
      "5": {
        "name": "(anonymous_5)",
        "decl": {
          "start": {
            "line": 88,
            "column": 2
          },
          "end": {
            "line": 88,
            "column": 3
          }
        },
        "loc": {
          "start": {
            "line": 88,
            "column": 13
          },
          "end": {
            "line": 91,
            "column": 3
          }
        },
        "line": 88
      },
      "6": {
        "name": "(anonymous_6)",
        "decl": {
          "start": {
            "line": 90,
            "column": 124
          },
          "end": {
            "line": 90,
            "column": 125
          }
        },
        "loc": {
          "start": {
            "line": 90,
            "column": 132
          },
          "end": {
            "line": 90,
            "column": 148
          }
        },
        "line": 90
      },
      "7": {
        "name": "(anonymous_7)",
        "decl": {
          "start": {
            "line": 92,
            "column": 2
          },
          "end": {
            "line": 92,
            "column": 3
          }
        },
        "loc": {
          "start": {
            "line": 92,
            "column": 9
          },
          "end": {
            "line": 94,
            "column": 3
          }
        },
        "line": 92
      },
      "8": {
        "name": "(anonymous_8)",
        "decl": {
          "start": {
            "line": 95,
            "column": 2
          },
          "end": {
            "line": 95,
            "column": 3
          }
        },
        "loc": {
          "start": {
            "line": 95,
            "column": 11
          },
          "end": {
            "line": 104,
            "column": 3
          }
        },
        "line": 95
      },
      "9": {
        "name": "(anonymous_9)",
        "decl": {
          "start": {
            "line": 97,
            "column": 123
          },
          "end": {
            "line": 97,
            "column": 124
          }
        },
        "loc": {
          "start": {
            "line": 97,
            "column": 129
          },
          "end": {
            "line": 103,
            "column": 5
          }
        },
        "line": 97
      },
      "10": {
        "name": "(anonymous_10)",
        "decl": {
          "start": {
            "line": 106,
            "column": 2
          },
          "end": {
            "line": 106,
            "column": 3
          }
        },
        "loc": {
          "start": {
            "line": 106,
            "column": 16
          },
          "end": {
            "line": 109,
            "column": 3
          }
        },
        "line": 106
      },
      "11": {
        "name": "MeComponent_Factory",
        "decl": {
          "start": {
            "line": 111,
            "column": 25
          },
          "end": {
            "line": 111,
            "column": 44
          }
        },
        "loc": {
          "start": {
            "line": 111,
            "column": 64
          },
          "end": {
            "line": 113,
            "column": 5
          }
        },
        "line": 111
      },
      "12": {
        "name": "MeComponent_Template",
        "decl": {
          "start": {
            "line": 122,
            "column": 25
          },
          "end": {
            "line": 122,
            "column": 45
          }
        },
        "loc": {
          "start": {
            "line": 122,
            "column": 55
          },
          "end": {
            "line": 142,
            "column": 7
          }
        },
        "line": 122
      },
      "13": {
        "name": "MeComponent_Template_button_click_4_listener",
        "decl": {
          "start": {
            "line": 125,
            "column": 42
          },
          "end": {
            "line": 125,
            "column": 86
          }
        },
        "loc": {
          "start": {
            "line": 125,
            "column": 89
          },
          "end": {
            "line": 127,
            "column": 11
          }
        },
        "line": 125
      }
    },
    "branchMap": {
      "0": {
        "loc": {
          "start": {
            "line": 15,
            "column": 2
          },
          "end": {
            "line": 19,
            "column": 3
          }
        },
        "type": "if",
        "locations": [
          {
            "start": {
              "line": 15,
              "column": 2
            },
            "end": {
              "line": 19,
              "column": 3
            }
          },
          {
            "start": {
              "line": 15,
              "column": 2
            },
            "end": {
              "line": 19,
              "column": 3
            }
          }
        ],
        "line": 15
      },
      "1": {
        "loc": {
          "start": {
            "line": 22,
            "column": 2
          },
          "end": {
            "line": 39,
            "column": 3
          }
        },
        "type": "if",
        "locations": [
          {
            "start": {
              "line": 22,
              "column": 2
            },
            "end": {
              "line": 39,
              "column": 3
            }
          },
          {
            "start": {
              "line": 22,
              "column": 2
            },
            "end": {
              "line": 39,
              "column": 3
            }
          }
        ],
        "line": 22
      },
      "2": {
        "loc": {
          "start": {
            "line": 42,
            "column": 2
          },
          "end": {
            "line": 63,
            "column": 3
          }
        },
        "type": "if",
        "locations": [
          {
            "start": {
              "line": 42,
              "column": 2
            },
            "end": {
              "line": 63,
              "column": 3
            }
          },
          {
            "start": {
              "line": 42,
              "column": 2
            },
            "end": {
              "line": 63,
              "column": 3
            }
          }
        ],
        "line": 42
      },
      "3": {
        "loc": {
          "start": {
            "line": 64,
            "column": 2
          },
          "end": {
            "line": 78,
            "column": 3
          }
        },
        "type": "if",
        "locations": [
          {
            "start": {
              "line": 64,
              "column": 2
            },
            "end": {
              "line": 78,
              "column": 3
            }
          },
          {
            "start": {
              "line": 64,
              "column": 2
            },
            "end": {
              "line": 78,
              "column": 3
            }
          }
        ],
        "line": 64
      },
      "4": {
        "loc": {
          "start": {
            "line": 71,
            "column": 21
          },
          "end": {
            "line": 71,
            "column": 47
          }
        },
        "type": "cond-expr",
        "locations": [
          {
            "start": {
              "line": 71,
              "column": 41
            },
            "end": {
              "line": 71,
              "column": 42
            }
          },
          {
            "start": {
              "line": 71,
              "column": 45
            },
            "end": {
              "line": 71,
              "column": 47
            }
          }
        ],
        "line": 71
      },
      "5": {
        "loc": {
          "start": {
            "line": 73,
            "column": 21
          },
          "end": {
            "line": 73,
            "column": 48
          }
        },
        "type": "cond-expr",
        "locations": [
          {
            "start": {
              "line": 73,
              "column": 42
            },
            "end": {
              "line": 73,
              "column": 43
            }
          },
          {
            "start": {
              "line": 73,
              "column": 46
            },
            "end": {
              "line": 73,
              "column": 48
            }
          }
        ],
        "line": 73
      },
      "6": {
        "loc": {
          "start": {
            "line": 112,
            "column": 18
          },
          "end": {
            "line": 112,
            "column": 50
          }
        },
        "type": "binary-expr",
        "locations": [
          {
            "start": {
              "line": 112,
              "column": 18
            },
            "end": {
              "line": 112,
              "column": 35
            }
          },
          {
            "start": {
              "line": 112,
              "column": 39
            },
            "end": {
              "line": 112,
              "column": 50
            }
          }
        ],
        "line": 112
      },
      "7": {
        "loc": {
          "start": {
            "line": 123,
            "column": 8
          },
          "end": {
            "line": 137,
            "column": 9
          }
        },
        "type": "if",
        "locations": [
          {
            "start": {
              "line": 123,
              "column": 8
            },
            "end": {
              "line": 137,
              "column": 9
            }
          },
          {
            "start": {
              "line": 123,
              "column": 8
            },
            "end": {
              "line": 137,
              "column": 9
            }
          }
        ],
        "line": 123
      },
      "8": {
        "loc": {
          "start": {
            "line": 138,
            "column": 8
          },
          "end": {
            "line": 141,
            "column": 9
          }
        },
        "type": "if",
        "locations": [
          {
            "start": {
              "line": 138,
              "column": 8
            },
            "end": {
              "line": 141,
              "column": 9
            }
          },
          {
            "start": {
              "line": 138,
              "column": 8
            },
            "end": {
              "line": 141,
              "column": 9
            }
          }
        ],
        "line": 138
      },
      "9": {
        "loc": {
          "start": {
            "line": 140,
            "column": 27
          },
          "end": {
            "line": 140,
            "column": 45
          }
        },
        "type": "cond-expr",
        "locations": [
          {
            "start": {
              "line": 140,
              "column": 38
            },
            "end": {
              "line": 140,
              "column": 40
            }
          },
          {
            "start": {
              "line": 140,
              "column": 43
            },
            "end": {
              "line": 140,
              "column": 45
            }
          }
        ],
        "line": 140
      }
    },
    "s": {
      "0": 9,
      "1": 3,
      "2": 3,
      "3": 3,
      "4": 77,
      "5": 17,
      "6": 17,
      "7": 17,
      "8": 17,
      "9": 17,
      "10": 17,
      "11": 6,
      "12": 6,
      "13": 6,
      "14": 17,
      "15": 17,
      "16": 17,
      "17": 17,
      "18": 17,
      "19": 17,
      "20": 86,
      "21": 20,
      "22": 20,
      "23": 20,
      "24": 20,
      "25": 20,
      "26": 20,
      "27": 20,
      "28": 20,
      "29": 20,
      "30": 20,
      "31": 20,
      "32": 20,
      "33": 20,
      "34": 20,
      "35": 20,
      "36": 20,
      "37": 20,
      "38": 20,
      "39": 20,
      "40": 20,
      "41": 86,
      "42": 66,
      "43": 66,
      "44": 66,
      "45": 66,
      "46": 66,
      "47": 66,
      "48": 66,
      "49": 66,
      "50": 66,
      "51": 66,
      "52": 66,
      "53": 66,
      "54": 66,
      "55": 29,
      "56": 29,
      "57": 29,
      "58": 29,
      "59": 29,
      "60": 29,
      "61": 20,
      "62": 3,
      "63": 6,
      "64": 3,
      "65": 3,
      "66": 3,
      "67": 6,
      "68": 6,
      "69": 242,
      "70": 29,
      "71": 242,
      "72": 171,
      "73": 29,
      "74": 29,
      "75": 3,
      "76": 29,
      "77": 29,
      "78": 29,
      "79": 29,
      "80": 29,
      "81": 29,
      "82": 29,
      "83": 29,
      "84": 29,
      "85": 171,
      "86": 142,
      "87": 142
    },
    "f": {
      "0": 9,
      "1": 77,
      "2": 6,
      "3": 86,
      "4": 29,
      "5": 29,
      "6": 20,
      "7": 3,
      "8": 6,
      "9": 3,
      "10": 6,
      "11": 29,
      "12": 171,
      "13": 3
    },
    "b": {
      "0": [
        3,
        6
      ],
      "1": [
        17,
        60
      ],
      "2": [
        20,
        66
      ],
      "3": [
        66,
        20
      ],
      "4": [
        6,
        60
      ],
      "5": [
        60,
        6
      ],
      "6": [
        29,
        29
      ],
      "7": [
        29,
        142
      ],
      "8": [
        142,
        29
      ],
      "9": [
        66,
        76
      ]
    },
    "inputSourceMap": {
      "version": 3,
      "names": [
        "inject",
        "MatSnackBar",
        "Router",
        "SessionService",
        "UserService",
        "MaterialModule",
        "CommonModule",
        "Subject",
        "takeUntil",
        "i0",
        "ɵɵelementStart",
        "ɵɵtext",
        "ɵɵelementEnd",
        "ɵɵlistener",
        "MeComponent_Conditional_10_Conditional_7_Template_button_click_3_listener",
        "ɵɵrestoreView",
        "_r1",
        "ctx_r1",
        "ɵɵnextContext",
        "ɵɵresetView",
        "delete",
        "ɵɵtemplate",
        "MeComponent_Conditional_10_Conditional_6_Template",
        "MeComponent_Conditional_10_Conditional_7_Template",
        "ɵɵadvance",
        "ɵɵtextInterpolate2",
        "user",
        "firstName",
        "ɵɵpipeBind1",
        "lastName",
        "ɵɵtextInterpolate1",
        "email",
        "ɵɵconditional",
        "admin",
        "ɵɵpipeBind2",
        "createdAt",
        "updatedAt",
        "MeComponent",
        "constructor",
        "router",
        "sessionService",
        "matSnackBar",
        "userService",
        "destroy$",
        "ngOnInit",
        "getById",
        "sessionInformation",
        "id",
        "toString",
        "pipe",
        "subscribe",
        "back",
        "window",
        "history",
        "open",
        "duration",
        "logOut",
        "navigate",
        "ngOnDestroy",
        "next",
        "complete",
        "selectors",
        "decls",
        "vars",
        "consts",
        "template",
        "MeComponent_Template",
        "rf",
        "ctx",
        "MeComponent_Template_button_click_4_listener",
        "MeComponent_Conditional_10_Template",
        "i1",
        "UpperCasePipe",
        "DatePipe",
        "i2",
        "MatButton",
        "MatIconButton",
        "i3",
        "MatCard",
        "MatCardContent",
        "MatCardTitle",
        "i4",
        "MatIcon",
        "styles"
      ],
      "sources": [
        "C:\\Users\\pc\\Documents\\Escola\\RNCP OpenClassRooms\\Project_4\\StudioYoga\\studioyoga\\front\\src\\app\\components\\me\\me.component.ts",
        "C:\\Users\\pc\\Documents\\Escola\\RNCP OpenClassRooms\\Project_4\\StudioYoga\\studioyoga\\front\\src\\app\\components\\me\\me.component.html"
      ],
      "sourcesContent": [
        "import { Component, OnDestroy, OnInit, inject } from '@angular/core';\nimport { MatSnackBar } from '@angular/material/snack-bar';\nimport { Router } from '@angular/router';\nimport { User } from '../../core/models/user.interface';\nimport { SessionService } from '../../core/service/session.service';\nimport { UserService } from '../../core/service/user.service';\nimport { MaterialModule } from \"../../shared/material.module\";\nimport { CommonModule } from \"@angular/common\";\nimport { Subject, takeUntil } from 'rxjs';\n\n@Component({\n  selector: 'app-me',\n  imports: [CommonModule, MaterialModule],\n  templateUrl: './me.component.html',\n  styleUrls: ['./me.component.scss']\n})\nexport class MeComponent implements OnInit, OnDestroy {\n  private router = inject(Router);\n  private sessionService = inject(SessionService);\n  private matSnackBar = inject(MatSnackBar);\n  private userService = inject(UserService);\n  private readonly destroy$ = new Subject<void>();\n  public user: User | undefined;\n\n\n  \n  public ngOnInit(): void {\n    //Addition takeUntil to avoid memory leaks\n    this.userService\n    \n      .getById(this.sessionService.sessionInformation!.id.toString())\n      .pipe(takeUntil(this.destroy$))\n      .subscribe((user: User) => this.user = user);\n  }\n\n  public back(): void {\n    window.history.back();\n  }\n\n  public delete(): void {\n     //Addition takeUntil to avoid memory leaks\n    this.userService\n      .delete(this.sessionService.sessionInformation!.id.toString())\n      .pipe(takeUntil(this.destroy$))\n      .subscribe(() => {\n        this.matSnackBar.open(\"Your account has been deleted !\", 'Close', { duration: 3000 });\n        this.sessionService.logOut();\n        this.router.navigate(['/']);\n      })\n  }\n  //Addition of ngOnDestroy to avoid memory leaks\n   public ngOnDestroy(): void {\n    this.destroy$.next();\n    this.destroy$.complete();\n  }\n}\n",
        "<div class=\"m3\">\n  <mat-card>\n    <mat-card-title>\n      <div fxLayout=\"row\" fxLayoutAlign=\"start center\">\n        <button mat-icon-button (click)=\"back()\">\n          <mat-icon>arrow_back</mat-icon>\n        </button>\n        <h1>User information</h1>\n      </div>\n    </mat-card-title>\n   <mat-card-content>\n      @if (user) {\n        <div fxLayout=\"column\" fxLayoutAlign=\"start center\">\n          <p>Name: {{ user.firstName }} {{ user.lastName | uppercase }}</p>\n          <p>Email: {{ user.email }}</p>\n          @if (user.admin) {\n            <p class=\"my2\">You are admin</p>\n          }\n          @if (!user.admin) {\n            <div fxLayout=\"column\" class=\"my2\" fxLayoutAlign=\"center center\">\n              <p>Delete my account:</p>\n              <button mat-raised-button color=\"warn\" (click)=\"delete()\">\n                <mat-icon>delete</mat-icon>\n                <span class=\"ml1\">Detail</span>\n              </button>\n            </div>\n          }\n          <div fxLayoutAlign=\"space-between center\" class=\"p2 w100\">\n            <p><i>Create at: </i> {{ user.createdAt | date: 'longDate'}}</p>\n            <p><i>Last update: </i> {{ user.updatedAt | date: 'longDate'}}</p>\n          </div>\n        </div>\n      }\n    </mat-card-content>\n  </mat-card>\n</div>\n"
      ],
[...]
      "39": {
        "start": {
          "line": 74,
          "column": 10
        },
        "end": {
          "line": 74,
          "column": 38
        }
      },
      "40": {
        "start": {
          "line": 75,
          "column": 10
        },
        "end": {
          "line": 75,
          "column": 43
        }
      },
      "41": {
        "start": {
          "line": 76,
          "column": 10
        },
        "end": {
          "line": 76,
          "column": 30
        }
      },
      "42": {
        "start": {
          "line": 78,
          "column": 8
        },
        "end": {
          "line": 81,
          "column": 9
        }
      },
      "43": {
        "start": {
          "line": 79,
          "column": 10
        },
        "end": {
          "line": 79,
          "column": 26
        }
      },
      "44": {
        "start": {
          "line": 80,
          "column": 10
        },
        "end": {
          "line": 80,
          "column": 74
        }
      }
    },
    "fnMap": {
      "0": {
        "name": "AppComponent_Conditional_4_Template",
        "decl": {
          "start": {
            "line": 11,
            "column": 9
          },
          "end": {
            "line": 11,
            "column": 44
          }
        },
        "loc": {
          "start": {
            "line": 11,
            "column": 54
          },
          "end": {
            "line": 29,
            "column": 1
          }
        },
        "line": 11
      },
      "1": {
        "name": "AppComponent_Conditional_4_Template_span_click_5_listener",
        "decl": {
          "start": {
            "line": 21,
            "column": 36
          },
          "end": {
            "line": 21,
            "column": 93
          }
        },
        "loc": {
          "start": {
            "line": 21,
            "column": 96
          },
          "end": {
            "line": 25,
            "column": 5
          }
        },
        "line": 21
      },
      "2": {
        "name": "AppComponent_Conditional_6_Template",
        "decl": {
          "start": {
            "line": 30,
            "column": 9
          },
          "end": {
            "line": 30,
            "column": 44
          }
        },
        "loc": {
          "start": {
            "line": 30,
            "column": 54
          },
          "end": {
            "line": 39,
            "column": 1
          }
        },
        "line": 30
      },
      "3": {
        "name": "(anonymous_3)",
        "decl": {
          "start": {
            "line": 41,
            "column": 2
          },
          "end": {
            "line": 41,
            "column": 3
          }
        },
        "loc": {
          "start": {
            "line": 41,
            "column": 16
          },
          "end": {
            "line": 45,
            "column": 3
          }
        },
        "line": 41
      },
      "4": {
        "name": "(anonymous_4)",
        "decl": {
          "start": {
            "line": 46,
            "column": 2
          },
          "end": {
            "line": 46,
            "column": 3
          }
        },
        "loc": {
          "start": {
            "line": 46,
            "column": 14
          },
          "end": {
            "line": 48,
            "column": 3
          }
        },
        "line": 46
      },
      "5": {
        "name": "(anonymous_5)",
        "decl": {
          "start": {
            "line": 49,
            "column": 2
          },
          "end": {
            "line": 49,
            "column": 3
          }
        },
        "loc": {
          "start": {
            "line": 49,
            "column": 11
          },
          "end": {
            "line": 52,
            "column": 3
          }
        },
        "line": 49
      },
      "6": {
        "name": "AppComponent_Factory",
        "decl": {
          "start": {
            "line": 54,
            "column": 25
          },
          "end": {
            "line": 54,
            "column": 45
          }
        },
        "loc": {
          "start": {
            "line": 54,
            "column": 65
          },
          "end": {
            "line": 56,
            "column": 5
          }
        },
        "line": 54
      },
      "7": {
        "name": "AppComponent_Template",
        "decl": {
          "start": {
            "line": 65,
            "column": 25
          },
          "end": {
            "line": 65,
            "column": 46
          }
        },
        "loc": {
          "start": {
            "line": 65,
            "column": 56
          },
          "end": {
            "line": 82,
            "column": 7
          }
        },
        "line": 65
      }
    },
    "branchMap": {
      "0": {
        "loc": {
          "start": {
            "line": 12,
            "column": 2
          },
          "end": {
            "line": 28,
            "column": 3
          }
        },
        "type": "if",
        "locations": [
          {
            "start": {
              "line": 12,
              "column": 2
            },
            "end": {
              "line": 28,
              "column": 3
            }
          },
          {
            "start": {
              "line": 12,
              "column": 2
            },
            "end": {
              "line": 28,
              "column": 3
            }
          }
        ],
        "line": 12
      },
      "1": {
        "loc": {
          "start": {
            "line": 31,
            "column": 2
          },
          "end": {
            "line": 38,
            "column": 3
          }
        },
        "type": "if",
        "locations": [
          {
            "start": {
              "line": 31,
              "column": 2
            },
            "end": {
              "line": 38,
              "column": 3
            }
          },
          {
            "start": {
              "line": 31,
              "column": 2
            },
            "end": {
              "line": 38,
              "column": 3
            }
          }
        ],
        "line": 31
      },
      "2": {
        "loc": {
          "start": {
            "line": 55,
            "column": 18
          },
          "end": {
            "line": 55,
            "column": 51
          }
        },
        "type": "binary-expr",
        "locations": [
          {
            "start": {
              "line": 55,
              "column": 18
            },
            "end": {
              "line": 55,
              "column": 35
            }
          },
          {
            "start": {
              "line": 55,
              "column": 39
            },
            "end": {
              "line": 55,
              "column": 51
            }
          }
        ],
        "line": 55
      },
      "3": {
        "loc": {
          "start": {
            "line": 66,
            "column": 8
          },
          "end": {
            "line": 77,
            "column": 9
          }
        },
        "type": "if",
        "locations": [
          {
            "start": {
              "line": 66,
              "column": 8
            },
            "end": {
              "line": 77,
              "column": 9
            }
          },
          {
            "start": {
              "line": 66,
              "column": 8
            },
            "end": {
              "line": 77,
              "column": 9
            }
          }
        ],
        "line": 66
      },
      "4": {
        "loc": {
          "start": {
            "line": 78,
            "column": 8
          },
          "end": {
            "line": 81,
            "column": 9
          }
        },
        "type": "if",
        "locations": [
          {
            "start": {
              "line": 78,
              "column": 8
            },
            "end": {
              "line": 81,
              "column": 9
            }
          },
          {
            "start": {
              "line": 78,
              "column": 8
            },
            "end": {
              "line": 81,
              "column": 9
            }
          }
        ],
        "line": 78
      },
      "5": {
        "loc": {
          "start": {
            "line": 80,
            "column": 27
          },
          "end": {
            "line": 80,
            "column": 72
          }
        },
        "type": "cond-expr",
        "locations": [
          {
            "start": {
              "line": 80,
              "column": 67
            },
            "end": {
              "line": 80,
              "column": 68
            }
          },
          {
            "start": {
              "line": 80,
              "column": 71
            },
            "end": {
              "line": 80,
              "column": 72
            }
          }
        ],
        "line": 80
      }
    },
    "s": {
      "0": 3361,
      "1": 167,
      "2": 167,
      "3": 167,
      "4": 167,
      "5": 167,
      "6": 167,
      "7": 167,
      "8": 167,
      "9": 167,
      "10": 0,
      "11": 0,
      "12": 0,
      "13": 167,
      "14": 167,
      "15": 10321,
      "16": 245,
      "17": 245,
      "18": 245,
      "19": 245,
      "20": 245,
      "21": 245,
      "22": 242,
      "23": 242,
      "24": 242,
      "25": 13270,
      "26": 0,
      "27": 0,
      "28": 242,
      "29": 242,
      "30": 242,
      "31": 13512,
      "32": 242,
      "33": 242,
      "34": 242,
      "35": 242,
      "36": 242,
      "37": 242,
      "38": 242,
      "39": 242,
      "40": 242,
      "41": 242,
      "42": 13512,
      "43": 13270,
      "44": 13270
    },
    "f": {
      "0": 3361,
      "1": 0,
      "2": 10321,
      "3": 242,
      "4": 13270,
      "5": 0,
      "6": 242,
      "7": 13512
    },
    "b": {
      "0": [
        167,
        3194
      ],
      "1": [
        245,
        10076
      ],
      "2": [
        242,
        242
      ],
      "3": [
        242,
        13270
      ],
      "4": [
        13270,
        242
      ],
      "5": [
        3194,
        10076
      ]
    },
    "inputSourceMap": {
      "version": 3,
      "names": [
        "inject",
        "Router",
        "RouterModule",
        "RouterOutlet",
        "AuthService",
        "SessionService",
        "CommonModule",
        "MaterialModule",
        "i0",
        "ɵɵelementStart",
        "ɵɵtext",
        "ɵɵelementEnd",
        "ɵɵlistener",
        "AppComponent_Conditional_4_Template_span_click_5_listener",
        "ɵɵrestoreView",
        "_r1",
        "ctx_r1",
        "ɵɵnextContext",
        "ɵɵresetView",
        "logout",
        "AppComponent",
        "constructor",
        "authService",
        "router",
        "sessionService",
        "$isLogged",
        "logOut",
        "navigate",
        "selectors",
        "decls",
        "vars",
        "consts",
        "template",
        "AppComponent_Template",
        "rf",
        "ctx",
        "ɵɵtemplate",
        "AppComponent_Conditional_4_Template",
        "AppComponent_Conditional_6_Template",
        "ɵɵelement",
        "ɵɵadvance",
        "ɵɵconditional",
        "ɵɵpipeBind1",
        "i1",
        "AsyncPipe",
        "i2",
        "MatToolbar",
        "i3",
        "RouterLink",
        "RouterLinkActive",
        "styles"
      ],
      "sources": [
        "C:\\Users\\pc\\Documents\\Escola\\RNCP OpenClassRooms\\Project_4\\StudioYoga\\studioyoga\\front\\src\\app\\app.component.ts",
        "C:\\Users\\pc\\Documents\\Escola\\RNCP OpenClassRooms\\Project_4\\StudioYoga\\studioyoga\\front\\src\\app\\app.component.html"
      ],
      "sourcesContent": [
        "import { Component, OnInit, inject } from '@angular/core';\nimport {Router, RouterModule, RouterOutlet} from '@angular/router';\nimport { Observable } from 'rxjs';\nimport { AuthService } from './core/service/auth.service';\nimport { SessionService } from './core/service/session.service';\nimport {CommonModule} from \"@angular/common\";\nimport {MaterialModule} from \"./shared/material.module\";\n\n@Component({\n  selector: 'app-root',\n  imports: [CommonModule, MaterialModule, RouterOutlet, RouterModule],\n  templateUrl: './app.component.html',\n  styleUrls: ['./app.component.scss']\n})\nexport class AppComponent {\n  private authService = inject(AuthService);\n  private router = inject(Router);\n  private sessionService = inject(SessionService);\n\n  public $isLogged(): Observable<boolean> {\n    return this.sessionService.$isLogged();\n  }\n\n  public logout(): void {\n    this.sessionService.logOut();\n    this.router.navigate([''])\n  }\n}\n",
        "<div class=\"app\">\n  <mat-toolbar color=\"primary\" fxLayout=\"row\" fxLayoutAlign=\"space-between center\">\n    <span>Yoga app</span>\n    @if ($isLogged() | async) {\n      <div>\n        <span routerLink=\"sessions\" class=\"link\">Sessions</span>\n        <span routerLink=\"me\" class=\"link\">Account</span>\n        <span (click)=\"logout()\" class=\"link\">Logout</span>\n      </div>\n    } @else {\n      <div>\n        <a routerLink=\"/login\" routerLinkActive=\"active\" class=\"link\">Login</a>\n        <a routerLink=\"/register\" routerLinkActive=\"active\" class=\"link\">Register</a>\n      </div>\n    }\n  </mat-toolbar>\n  <div>\n    <router-outlet></router-outlet>\n  </div>\n</div>"
      ],
      "mappings": "AAAA,SAA4BA,MAAM,QAAQ,eAAe;AACzD,SAAQC,MAAM,EAAEC,YAAY,EAAEC,YAAY,QAAO,iBAAiB;AAElE,SAASC,WAAW,QAAQ,6BAA6B;AACzD,SAASC,cAAc,QAAQ,gCAAgC;AAC/D,SAAQC,YAAY,QAAO,iBAAiB;AAC5C,SAAQC,cAAc,QAAO,0BAA0B;;;;;;;;ICD/CC,EADF,CAAAC,cAAA,UAAK,cACsC;IAAAD,EAAA,CAAAE,MAAA,eAAQ;IAAAF,EAAA,CAAAG,YAAA,EAAO;IACxDH,EAAA,CAAAC,cAAA,cAAmC;IAAAD,EAAA,CAAAE,MAAA,cAAO;IAAAF,EAAA,CAAAG,YAAA,EAAO;IACjDH,EAAA,CAAAC,cAAA,cAAsC;IAAhCD,EAAA,CAAAI,UAAA,mBAAAC,0DAAA;MAAAL,EAAA,CAAAM,aAAA,CAAAC,GAAA;MAAA,MAAAC,MAAA,GAAAR,EAAA,CAAAS,aAAA;MAAA,OAAAT,EAAA,CAAAU,WAAA,CAASF,MAAA,CAAAG,MAAA,EAAQ;IAAA,EAAC;IAAcX,EAAA,CAAAE,MAAA,aAAM;IAC9CF,EAD8C,CAAAG,YAAA,EAAO,EAC/C;;;;;IAGJH,EADF,CAAAC,cAAA,UAAK,WAC2D;IAAAD,EAAA,CAAAE,MAAA,YAAK;IAAAF,EAAA,CAAAG,YAAA,EAAI;IACvEH,EAAA,CAAAC,cAAA,WAAiE;IAAAD,EAAA,CAAAE,MAAA,eAAQ;IAC3EF,EAD2E,CAAAG,YAAA,EAAI,EACzE;;;ADCZ,OAAM,MAAOS,YAAY;EANzBC,YAAA;IAOU,KAAAC,WAAW,GAAGtB,MAAM,CAACI,WAAW,CAAC;IACjC,KAAAmB,MAAM,GAAGvB,MAAM,CAACC,MAAM,CAAC;IACvB,KAAAuB,cAAc,GAAGxB,MAAM,CAACK,cAAc,CAAC;;EAExCoB,SAASA,CAAA;IACd,OAAO,IAAI,CAACD,cAAc,CAACC,SAAS,EAAE;EACxC;EAEON,MAAMA,CAAA;IACX,IAAI,CAACK,cAAc,CAACE,MAAM,EAAE;IAC5B,IAAI,CAACH,MAAM,CAACI,QAAQ,CAAC,CAAC,EAAE,CAAC,CAAC;EAC5B;;;uCAZWP,YAAY;IAAA;EAAA;;;YAAZA,YAAY;MAAAQ,SAAA;MAAAC,KAAA;MAAAC,IAAA;MAAAC,MAAA;MAAAC,QAAA,WAAAC,sBAAAC,EAAA,EAAAC,GAAA;QAAA,IAAAD,EAAA;UCZrB1B,EAFJ,CAAAC,cAAA,aAAiB,qBACkE,WACzE;UAAAD,EAAA,CAAAE,MAAA,eAAQ;UAAAF,EAAA,CAAAG,YAAA,EAAO;UACrBH,EAAA,CAAA4B,UAAA,IAAAC,mCAAA,cAA2B;;UAMzB7B,EAAA,CAAA4B,UAAA,IAAAE,mCAAA,cAAO;UAMX9B,EAAA,CAAAG,YAAA,EAAc;UACdH,EAAA,CAAAC,cAAA,UAAK;UACHD,EAAA,CAAA+B,SAAA,oBAA+B;UAEnC/B,EADE,CAAAG,YAAA,EAAM,EACF;;;UAhBFH,EAAA,CAAAgC,SAAA,GAWC;UAXDhC,EAAA,CAAAiC,aAAA,CAAAjC,EAAA,CAAAkC,WAAA,OAAAP,GAAA,CAAAV,SAAA,YAWC;;;qBDJOnB,YAAY,EAAAqC,EAAA,CAAAC,SAAA,EAAErC,cAAc,EAAAsC,EAAA,CAAAC,UAAA,EAAE3C,YAAY,EAAED,YAAY,EAAA6C,EAAA,CAAAC,UAAA,EAAAD,EAAA,CAAAE,gBAAA;MAAAC,MAAA;IAAA;EAAA",
      "ignoreList": []
    },
    "_coverageSchema": "1a1c01bbd47fc00a2c39e90264f33305004495a9",
    "hash": "ac8f3d29de4c150e5b9f24442980964c549f7eb8"
  },
  "C:\\Users\\pc\\Documents\\Escola\\RNCP OpenClassRooms\\Project_4\\StudioYoga\\studioyoga\\front\\src\\main.ts": {
    "path": "C:\\Users\\pc\\Documents\\Escola\\RNCP OpenClassRooms\\Project_4\\StudioYoga\\studioyoga\\front\\src\\main.ts",
    "statementMap": {
      "0": {
        "start": {
          "line": 1,
          "column": 0
        },
        "end": {
          "line": 3,
          "column": 1
        }
      },
      "1": {
        "start": {
          "line": 2,
          "column": 2
        },
        "end": {
          "line": 2,
          "column": 50
        }
      },
      "2": {
        "start": {
          "line": 8,
          "column": 0
        },
        "end": {
          "line": 8,
          "column": 79
        }
      },
      "3": {
        "start": {
          "line": 8,
          "column": 59
        },
        "end": {
          "line": 8,
          "column": 77
        }
      }
    },
    "fnMap": {
      "0": {
        "name": "(anonymous_0)",
        "decl": {
          "start": {
            "line": 8,
            "column": 52
          },
          "end": {
            "line": 8,
            "column": 53
          }
        },
        "loc": {
          "start": {
            "line": 8,
            "column": 59
          },
          "end": {
            "line": 8,
            "column": 77
          }
        },
        "line": 8
      }
    },
    "branchMap": {
      "0": {
        "loc": {
          "start": {
            "line": 1,
            "column": 0
          },
          "end": {
            "line": 3,
            "column": 1
          }
        },
        "type": "if",
        "locations": [
          {
            "start": {
              "line": 1,
              "column": 0
            },
            "end": {
              "line": 3,
              "column": 1
            }
          },
          {
            "start": {
              "line": 1,
              "column": 0
            },
            "end": {
              "line": 3,
              "column": 1
            }
          }
        ],
        "line": 1
      },
      "1": {
        "loc": {
          "start": {
            "line": 2,
            "column": 24
          },
          "end": {
            "line": 2,
            "column": 49
          }
        },
        "type": "binary-expr",
        "locations": [
          {
            "start": {
              "line": 2,
              "column": 24
            },
            "end": {
              "line": 2,
              "column": 43
            }
          },
          {
            "start": {
              "line": 2,
              "column": 47
            },
            "end": {
              "line": 2,
              "column": 49
            }
          }
        ],
        "line": 2
      }
    },
    "s": {
      "0": 242,
      "1": 242,
      "2": 242,
      "3": 0
    },
    "f": {
      "0": 0
    },
    "b": {
      "0": [
        242,
        0
      ],
      "1": [
        242,
        0
      ]
    },
    "inputSourceMap": {
      "version": 3,
      "names": [
        "window",
        "Cypress",
        "__coverage__",
        "bootstrapApplication",
        "appConfig",
        "AppComponent",
        "catch",
        "err",
        "console",
        "error"
      ],
      "sources": [
        "C:\\Users\\pc\\Documents\\Escola\\RNCP OpenClassRooms\\Project_4\\StudioYoga\\studioyoga\\front\\src\\main.ts"
      ],
      "sourcesContent": [
        "// === CODE COVERAGE INSTRUMENTATION ===\ndeclare global {\n  interface Window {\n    Cypress?: any;\n    __coverage__?: any;\n  }\n}\n\nif (window.Cypress) {\n  window.__coverage__ = window.__coverage__ || {};\n}\n// === END CODE COVERAGE ===\n\nimport { bootstrapApplication } from '@angular/platform-browser';\nimport { appConfig } from './app/app.config';\nimport { AppComponent } from './app/app.component';\n\nbootstrapApplication(AppComponent, appConfig)\n  .catch((err) => console.error(err));"
      ],
      "mappings": "AAQA,IAAIA,MAAM,CAACC,OAAO,EAAE;EAClBD,MAAM,CAACE,YAAY,GAAGF,MAAM,CAACE,YAAY,IAAI,EAAE;AACjD;AACA;AAEA,SAASC,oBAAoB,QAAQ,2BAA2B;AAChE,SAASC,SAAS,QAAQ,kBAAkB;AAC5C,SAASC,YAAY,QAAQ,qBAAqB;AAElDF,oBAAoB,CAACE,YAAY,EAAED,SAAS,CAAC,CAC1CE,KAAK,CAAEC,GAAG,IAAKC,OAAO,CAACC,KAAK,CAACF,GAAG,CAAC,CAAC",
      "ignoreList": []
    },
    "_coverageSchema": "1a1c01bbd47fc00a2c39e90264f33305004495a9",
    "hash": "a00a8428c8e06d321a9103e3037bbc426b7c9f83"
  }
}